App\IngatlanKepek Object
(
    [table:protected] => ingatlan_kepek
    [fillable:protected] => Array
        (
            [0] => ingatlan_id
            [1] => name
            [2] => pos
            [3] => file
        )

    [stroageRoot] => /
    [stroageName] => ingatlankepek
    [connection:protected] => 
    [primaryKey:protected] => id
    [perPage:protected] => 15
    [incrementing] => 1
    [timestamps] => 1
    [attributes:protected] => Array
        (
            [id] => 1
            [ingatlan_id] => 3
            [name] => Penguins.jpg
            [pos] => 0
            [file] => Penguins.jpg
            [archived] => 0
            [created_at] => 2016-06-13 17:07:14
            [updated_at] => 2016-06-13 17:07:14
        )

    [original:protected] => Array
        (
            [id] => 1
            [ingatlan_id] => 3
            [name] => Penguins.jpg
            [pos] => 0
            [file] => Penguins.jpg
            [archived] => 0
            [created_at] => 2016-06-13 17:07:14
            [updated_at] => 2016-06-13 17:07:14
        )

    [relations:protected] => Array
        (
        )

    [hidden:protected] => Array
        (
        )

    [visible:protected] => Array
        (
        )

    [appends:protected] => Array
        (
        )

    [guarded:protected] => Array
        (
            [0] => *
        )

    [dates:protected] => Array
        (
        )

    [dateFormat:protected] => 
    [casts:protected] => Array
        (
        )

    [touches:protected] => Array
        (
        )

    [observables:protected] => Array
        (
        )

    [with:protected] => Array
        (
        )

    [morphClass:protected] => 
    [exists] => 1
    [wasRecentlyCreated] => 
)
, 0